<?xml version="1.0" encoding="UTF-8"?>
<!-- Generated by org.testng.reporters.JUnitXMLReporter -->
<testsuite ignored="0" hostname="Kirti" failures="0" tests="8" name="Test" time="36.372" errors="0" timestamp="2023-07-14T02:11:05 IST">
  <testcase classname="testngTest.Test456" name="test" time="1.025"/>
  <testcase classname="testngTest.Test456" name="test1" time="0.002"/>
  <testcase classname="testngTest.Test456" name="test2" time="0.002"/>
  <testcase classname="testngTest.Test456" name="test3" time="0.002"/>
  <testcase classname="testngTest.Test123" name="test" time="1.221"/>
  <testcase classname="testngTest.Test123" name="test1" time="0.002"/>
  <testcase classname="testngTest.Test123" name="test2" time="0.002"/>
  <testcase classname="testngTest.Test123" name="test3" time="0.004"/>
</testsuite> <!-- Test -->
